<?xml version="1.0" encoding="UTF-8"?>
<robot generator="Robot 4.1.1 (Python 3.7.5 on darwin)" generated="20210913 14:29:41.749" rpa="true" schemaversion="2">
<suite id="s1" name="Tasks" source="/Users/cmin/Repos/robocorp-certificate/tasks.robot">
<test id="s1-t1" name="Test">
<kw name="Log" library="BuiltIn">
<arg>Done</arg>
<doc>Logs the given message with the given level.</doc>
<msg timestamp="20210913 14:29:42.468" level="INFO">Done</msg>
<status status="PASS" starttime="20210913 14:29:42.468" endtime="20210913 14:29:42.468"/>
</kw>
<status status="PASS" starttime="20210913 14:29:42.467" endtime="20210913 14:29:42.468"/>
</test>
<kw name="Close All Browsers" library="RPA.Browser.Selenium" type="TEARDOWN">
<doc>Closes all open browsers and resets the browser cache.</doc>
<status status="PASS" starttime="20210913 14:29:42.469" endtime="20210913 14:29:42.469"/>
</kw>
<doc>Orders robots from RobotSpareBin Industries Inc.
Saves the order HTML receipt as a PDF file.
Saves the screenshot of the ordered robot.
Embeds the screenshot of the robot to the PDF receipt.
Creates ZIP archive of the receipts and the images.</doc>
<status status="PASS" starttime="20210913 14:29:41.750" endtime="20210913 14:29:42.469"/>
</suite>
<statistics>
<total>
<stat pass="1" fail="0" skip="0">All Tasks</stat>
</total>
<tag>
</tag>
<suite>
<stat pass="1" fail="0" skip="0" id="s1" name="Tasks">Tasks</stat>
</suite>
</statistics>
<errors>
</errors>
</robot>
