<?xml version="1.0" encoding="UTF-8"?>
<robot generator="Robot 4.1.1 (Python 3.7.5 on darwin)" generated="20210913 16:49:22.614" rpa="true" schemaversion="2">
<suite id="s1" name="Tasks" source="/Users/cmin/Repos/robocorp-certificate/tasks.robot">
<test id="s1-t1" name="Test">
<kw name="Log" library="BuiltIn">
<arg>Done</arg>
<doc>Logs the given message with the given level.</doc>
<msg timestamp="20210913 16:49:23.995" level="INFO">Done</msg>
<status status="PASS" starttime="20210913 16:49:23.994" endtime="20210913 16:49:23.995"/>
</kw>
<status status="PASS" starttime="20210913 16:49:23.992" endtime="20210913 16:49:23.996"/>
</test>
<test id="s1-t2" name="Order robots from RobotSpareBin Industries Inc">
<kw name="Get or download orders">
<var>${orders}</var>
<kw name="Add icon" library="RPA.Dialogs">
<arg>Warning</arg>
<doc>Add an icon element</doc>
<status status="PASS" starttime="20210913 16:49:24.000" endtime="20210913 16:49:24.001"/>
</kw>
<kw name="Add heading" library="RPA.Dialogs">
<arg>Use existing orders file or download new one?</arg>
<doc>Add a centered heading text element</doc>
<status status="PASS" starttime="20210913 16:49:24.002" endtime="20210913 16:49:24.003"/>
</kw>
<kw name="Add text input" library="RPA.Dialogs">
<arg>orders_file</arg>
<arg>label=Orders CSV File</arg>
<arg>placeholder=${orders_file}</arg>
<tag>input</tag>
<doc>Add a text input element</doc>
<status status="PASS" starttime="20210913 16:49:24.003" endtime="20210913 16:49:24.005"/>
</kw>
<kw name="Add submit buttons" library="RPA.Dialogs">
<arg>buttons=Existing,Download</arg>
<arg>default=Existing</arg>
<tag>input</tag>
<doc>Add custom submit buttons</doc>
<status status="PASS" starttime="20210913 16:49:24.006" endtime="20210913 16:49:24.007"/>
</kw>
<kw name="Run dialog" library="RPA.Dialogs">
<var>${result}</var>
<tag>dialog</tag>
<doc>Create a dialog from all the defined elements and block
until the user has handled it.</doc>
<msg timestamp="20210913 16:49:24.008" level="INFO">Protecting keyword: RPA.Dialogs.Run dialog</msg>
<msg timestamp="20210913 16:49:26.840" level="INFO">Log level changed from NONE to INFO.</msg>
<status status="PASS" starttime="20210913 16:49:24.007" endtime="20210913 16:49:26.838"/>
</kw>
<if>
<branch type="IF" condition="&quot;${result.submit}&quot; == &quot;Existing&quot;">
<kw name="Set Variable If" library="BuiltIn">
<var>${input_file}</var>
<arg>"${result.orders_file}" != ""</arg>
<arg>${result.orders_file}</arg>
<arg>${orders_file}</arg>
<doc>Sets variable based on the given condition.</doc>
<msg timestamp="20210913 16:49:36.807" level="INFO">${input_file} = /Users/cmin/Repos/robocorp-certificate/orders.csv</msg>
<status status="PASS" starttime="20210913 16:49:36.800" endtime="20210913 16:49:36.808"/>
</kw>
<kw name="Set Test Variable" library="BuiltIn">
<arg>${orders_file}</arg>
<arg>${input_file}</arg>
<doc>Makes a variable available everywhere within the scope of the current test.</doc>
<msg timestamp="20210913 16:49:36.813" level="INFO">${orders_file} = /Users/cmin/Repos/robocorp-certificate/orders.csv</msg>
<status status="PASS" starttime="20210913 16:49:36.810" endtime="20210913 16:49:36.813"/>
</kw>
<status status="PASS" starttime="20210913 16:49:26.843" endtime="20210913 16:49:36.815"/>
</branch>
<branch type="ELSE">
<kw name="Download" library="RPA.HTTP">
<arg>${orders_url}</arg>
<arg>${orders_file}</arg>
<arg>overwrite=True</arg>
<doc>An alias for the ``HTTP Get`` keyword.</doc>
<status status="NOT RUN" starttime="20210913 16:49:36.818" endtime="20210913 16:49:36.819"/>
</kw>
<status status="NOT RUN" starttime="20210913 16:49:36.816" endtime="20210913 16:49:36.820"/>
</branch>
<status status="PASS" starttime="20210913 16:49:26.840" endtime="20210913 16:49:36.821"/>
</if>
<kw name="Read table from CSV" library="RPA.Tables">
<var>${table}</var>
<arg>${orders_file}</arg>
<doc>Read a CSV file as a table.</doc>
<msg timestamp="20210913 16:49:36.828" level="FAIL">FileNotFoundError: [Errno 2] No such file or directory: '/Users/cmin/Repos/robocorp-certificate/orders.csv'</msg>
<status status="FAIL" starttime="20210913 16:49:36.823" endtime="20210913 16:49:36.828"/>
</kw>
<status status="FAIL" starttime="20210913 16:49:23.999" endtime="20210913 16:49:36.832"/>
</kw>
<kw name="Open the robot order website">
<status status="NOT RUN" starttime="20210913 16:49:36.833" endtime="20210913 16:49:36.834"/>
</kw>
<kw name="Close consent modal">
<status status="NOT RUN" starttime="20210913 16:49:36.835" endtime="20210913 16:49:36.836"/>
</kw>
<for flavor="IN">
<var>${row}</var>
<value>@{orders}</value>
<iter>
<var name="${row}">${row}</var>
<kw name="Fill the form">
<arg>${row}</arg>
<status status="NOT RUN" starttime="20210913 16:49:36.839" endtime="20210913 16:49:36.840"/>
</kw>
<kw name="Preview the robot">
<status status="NOT RUN" starttime="20210913 16:49:36.841" endtime="20210913 16:49:36.842"/>
</kw>
<kw name="Submit the order">
<status status="NOT RUN" starttime="20210913 16:49:36.842" endtime="20210913 16:49:36.843"/>
</kw>
<kw name="Store the receipt as a PDF file">
<var>${pdf}</var>
<arg>${row}[Order number]</arg>
<status status="NOT RUN" starttime="20210913 16:49:36.844" endtime="20210913 16:49:36.845"/>
</kw>
<kw name="Take a screenshot of the robot">
<var>${screenshot}</var>
<arg>${row}[Order number]</arg>
<status status="NOT RUN" starttime="20210913 16:49:36.845" endtime="20210913 16:49:36.846"/>
</kw>
<kw name="Embed the robot screenshot to the receipt PDF file">
<arg>${screenshot}</arg>
<arg>${pdf}</arg>
<status status="NOT RUN" starttime="20210913 16:49:36.847" endtime="20210913 16:49:36.848"/>
</kw>
<kw name="Go to order another robot">
<status status="NOT RUN" starttime="20210913 16:49:36.848" endtime="20210913 16:49:36.849"/>
</kw>
<status status="NOT RUN" starttime="20210913 16:49:36.838" endtime="20210913 16:49:36.850"/>
</iter>
<status status="NOT RUN" starttime="20210913 16:49:36.837" endtime="20210913 16:49:36.851"/>
</for>
<kw name="Create a ZIP file of the receipts">
<status status="NOT RUN" starttime="20210913 16:49:36.852" endtime="20210913 16:49:36.852"/>
</kw>
<status status="FAIL" starttime="20210913 16:49:23.997" endtime="20210913 16:49:36.854">FileNotFoundError: [Errno 2] No such file or directory: '/Users/cmin/Repos/robocorp-certificate/orders.csv'</status>
</test>
<kw name="Close All Browsers" library="RPA.Browser.Selenium" type="TEARDOWN">
<doc>Closes all open browsers and resets the browser cache.</doc>
<status status="PASS" starttime="20210913 16:49:36.857" endtime="20210913 16:49:36.858"/>
</kw>
<doc>Orders robots from RobotSpareBin Industries Inc.
Saves the order HTML receipt as a PDF file.
Saves the screenshot of the ordered robot.
Embeds the screenshot of the robot to the PDF receipt.
Creates ZIP archive of the receipts and the images.</doc>
<status status="FAIL" starttime="20210913 16:49:22.617" endtime="20210913 16:49:36.859"/>
</suite>
<statistics>
<total>
<stat pass="1" fail="1" skip="0">All Tasks</stat>
</total>
<tag>
</tag>
<suite>
<stat pass="1" fail="1" skip="0" id="s1" name="Tasks">Tasks</stat>
</suite>
</statistics>
<errors>
</errors>
</robot>
